# JRE version: OpenJDK Runtime Environment Temurin-17.0.7+7 (17.0.7+7) (build 17.0.7+7)
# Java VM: OpenJDK 64-Bit Server VM Temurin-17.0.7+7 (17.0.7+7, mixed mode, emulated-client, tiered, compressed oops, compressed class ptrs, g1 gc, windows-amd64)
GC Precious Log:
 CPUs: 8 total, 8 available
 Memory: 16144M
 Large Page Support: Disabled
 NUMA Support: Disabled
 Compressed Oops: Enabled (Zero based)
 Heap Region Size: 2M
 Heap Min Capacity: 8M
 Heap Initial Capacity: 254M
 Heap Max Capacity: 4038M
 Pre-touch: Disabled
 Parallel Workers: 8
 Concurrent Workers: 2
 Concurrent Refinement Workers: 8
 Periodic GC: Disabled
Heap:
 garbage-first heap   total 116736K, used 38087K [0x0000000703a00000, 0x0000000800000000)
  region size 2048K, 6 young (12288K), 2 survivors (4096K)
 Metaspace       used 83896K, committed 84416K, reserved 1179648K
  class space    used 10842K, committed 11072K, reserved 1048576K
GC Heap History (20 events):
Event: 4.955 GC heap before
{Heap before GC invocations=14 (full 0):
 garbage-first heap   total 61440K, used 48264K [0x0000000703a00000, 0x0000000800000000)
  region size 2048K, 16 young (32768K), 1 survivors (2048K)
 Metaspace       used 43145K, committed 43648K, reserved 1114112K
  class space    used 5413K, committed 5632K, reserved 1048576K
}
Event: 4.958 GC heap after
{Heap after GC invocations=15 (full 0):
 garbage-first heap   total 161792K, used 18792K [0x0000000703a00000, 0x0000000800000000)
  region size 2048K, 2 young (4096K), 2 survivors (4096K)
 Metaspace       used 43145K, committed 43648K, reserved 1114112K
  class space    used 5413K, committed 5632K, reserved 1048576K
}
Event: 5.967 GC heap before
{Heap before GC invocations=15 (full 0):
 garbage-first heap   total 161792K, used 110952K [0x0000000703a00000, 0x0000000800000000)
  region size 2048K, 47 young (96256K), 2 survivors (4096K)
 Metaspace       used 52014K, committed 52480K, reserved 1114112K
  class space    used 6601K, committed 6848K, reserved 1048576K
}
Event: 5.972 GC heap after
{Heap after GC invocations=16 (full 0):
 garbage-first heap   total 161792K, used 21456K [0x0000000703a00000, 0x0000000800000000)
  region size 2048K, 3 young (6144K), 3 survivors (6144K)
 Metaspace       used 52014K, committed 52480K, reserved 1114112K
  class space    used 6601K, committed 6848K, reserved 1048576K
}
Event: 6.691 GC heap before
{Heap before GC invocations=16 (full 0):
 garbage-first heap   total 161792K, used 82896K [0x0000000703a00000, 0x0000000800000000)
  region size 2048K, 34 young (69632K), 3 survivors (6144K)
 Metaspace       used 59974K, committed 60416K, reserved 1114112K
  class space    used 7659K, committed 7872K, reserved 1048576K
}
Event: 6.696 GC heap after
{Heap after GC invocations=17 (full 0):
 garbage-first heap   total 161792K, used 23326K [0x0000000703a00000, 0x0000000800000000)
  region size 2048K, 4 young (8192K), 4 survivors (8192K)
 Metaspace       used 59974K, committed 60416K, reserved 1114112K
  class space    used 7659K, committed 7872K, reserved 1048576K
}
Event: 7.151 GC heap before
{Heap before GC invocations=18 (full 0):
 garbage-first heap   total 90112K, used 68382K [0x0000000703a00000, 0x0000000800000000)
  region size 2048K, 26 young (53248K), 4 survivors (8192K)
 Metaspace       used 64840K, committed 65344K, reserved 1114112K
  class space    used 8523K, committed 8768K, reserved 1048576K
}
Event: 7.156 GC heap after
{Heap after GC invocations=19 (full 0):
 garbage-first heap   total 90112K, used 24330K [0x0000000703a00000, 0x0000000800000000)
  region size 2048K, 2 young (4096K), 2 survivors (4096K)
 Metaspace       used 64840K, committed 65344K, reserved 1114112K
  class space    used 8523K, committed 8768K, reserved 1048576K
}
Event: 7.186 GC heap before
{Heap before GC invocations=19 (full 0):
 garbage-first heap   total 90112K, used 26378K [0x0000000703a00000, 0x0000000800000000)
  region size 2048K, 3 young (6144K), 2 survivors (4096K)
 Metaspace       used 65004K, committed 65536K, reserved 1114112K
  class space    used 8553K, committed 8832K, reserved 1048576K
}
Event: 7.189 GC heap after
{Heap after GC invocations=20 (full 0):
 garbage-first heap   total 90112K, used 24368K [0x0000000703a00000, 0x0000000800000000)
  region size 2048K, 1 young (2048K), 1 survivors (2048K)
 Metaspace       used 65004K, committed 65536K, reserved 1114112K
  class space    used 8553K, committed 8832K, reserved 1048576K
}
Event: 7.717 GC heap before
{Heap before GC invocations=20 (full 0):
 garbage-first heap   total 90112K, used 71472K [0x0000000703a00000, 0x0000000800000000)
  region size 2048K, 24 young (49152K), 1 survivors (2048K)
 Metaspace       used 69332K, committed 69888K, reserved 1114112K
  class space    used 9187K, committed 9408K, reserved 1048576K
}
Event: 7.720 GC heap after
{Heap after GC invocations=21 (full 0):
 garbage-first heap   total 90112K, used 25805K [0x0000000703a00000, 0x0000000800000000)
  region size 2048K, 2 young (4096K), 2 survivors (4096K)
 Metaspace       used 69332K, committed 69888K, reserved 1114112K
  class space    used 9187K, committed 9408K, reserved 1048576K
}
Event: 8.200 GC heap before
{Heap before GC invocations=21 (full 0):
 garbage-first heap   total 90112K, used 70861K [0x0000000703a00000, 0x0000000800000000)
  region size 2048K, 24 young (49152K), 2 survivors (4096K)
 Metaspace       used 72811K, committed 73280K, reserved 1114112K
  class space    used 9695K, committed 9920K, reserved 1048576K
}
Event: 8.204 GC heap after
{Heap after GC invocations=22 (full 0):
 garbage-first heap   total 90112K, used 27401K [0x0000000703a00000, 0x0000000800000000)
  region size 2048K, 3 young (6144K), 3 survivors (6144K)
 Metaspace       used 72811K, committed 73280K, reserved 1114112K
  class space    used 9695K, committed 9920K, reserved 1048576K
}
Event: 17.029 GC heap before
{Heap before GC invocations=22 (full 0):
 garbage-first heap   total 90112K, used 70409K [0x0000000703a00000, 0x0000000800000000)
  region size 2048K, 24 young (49152K), 3 survivors (6144K)
 Metaspace       used 76350K, committed 76928K, reserved 1179648K
  class space    used 10156K, committed 10432K, reserved 1048576K
}
Event: 17.035 GC heap after
{Heap after GC invocations=23 (full 0):
 garbage-first heap   total 90112K, used 29127K [0x0000000703a00000, 0x0000000800000000)
  region size 2048K, 2 young (4096K), 2 survivors (4096K)
 Metaspace       used 76350K, committed 76928K, reserved 1179648K
  class space    used 10156K, committed 10432K, reserved 1048576K
}
Event: 17.354 GC heap before
{Heap before GC invocations=23 (full 0):
 garbage-first heap   total 90112K, used 70087K [0x0000000703a00000, 0x0000000800000000)
  region size 2048K, 23 young (47104K), 2 survivors (4096K)
 Metaspace       used 79834K, committed 80384K, reserved 1179648K
  class space    used 10440K, committed 10688K, reserved 1048576K
}
Event: 17.358 GC heap after
{Heap after GC invocations=24 (full 0):
 garbage-first heap   total 90112K, used 30738K [0x0000000703a00000, 0x0000000800000000)
  region size 2048K, 2 young (4096K), 2 survivors (4096K)
 Metaspace       used 79834K, committed 80384K, reserved 1179648K
  class space    used 10440K, committed 10688K, reserved 1048576K
}
Event: 17.767 GC heap before
{Heap before GC invocations=24 (full 0):
 garbage-first heap   total 90112K, used 69650K [0x0000000703a00000, 0x0000000800000000)
  region size 2048K, 22 young (45056K), 2 survivors (4096K)
 Metaspace       used 83272K, committed 83840K, reserved 1179648K
  class space    used 10779K, committed 11008K, reserved 1048576K
}
Event: 17.771 GC heap after
{Heap after GC invocations=25 (full 0):
 garbage-first heap   total 116736K, used 31943K [0x0000000703a00000, 0x0000000800000000)
  region size 2048K, 2 young (4096K), 2 survivors (4096K)
 Metaspace       used 83272K, committed 83840K, reserved 1179648K
  class space    used 10779K, committed 11008K, reserved 1048576K
}

