<?xml version="1.0" encoding="UTF-8"?>
<!-- Generated by org.testng.reporters.JUnitXMLReporter -->
<testsuite ignored="2" hostname="fedora" failures="0" tests="1" name="Default test" time="1.858" errors="0" timestamp="2023-06-19T15:36:57 IST">
  <testcase classname="com.example.LoginPageApplicationTests" name="loginTest" time="0.075"/>
  <testcase classname="com.example.LoginPageApplicationTests" name="contextLoads" time="0.0">
    <ignored/>
  </testcase> <!-- contextLoads -->
  <testcase classname="com.example.LoginPageApplicationTests" name="registerTest" time="0.0">
    <ignored/>
  </testcase> <!-- registerTest -->
</testsuite> <!-- Default test -->
