<?xml version="1.0" encoding="UTF-8"?>
<testng-results ignored="0" total="1" passed="1" failed="0" skipped="0">
  <reporter-output>
  </reporter-output>
  <suite started-at="2023-06-19T15:36:55 IST" name="Default suite" finished-at="2023-06-19T15:36:57 IST" duration-ms="1858">
    <groups>
    </groups>
    <test started-at="2023-06-19T15:36:55 IST" name="Default test" finished-at="2023-06-19T15:36:57 IST" duration-ms="1858">
      <class name="com.example.LoginPageApplicationTests">
        <test-method is-config="true" signature="setUpTest()[pri:0, instance:com.example.LoginPageApplicationTests@2b52c0d6]" started-at="2023-06-19T15:36:55 IST" name="setUpTest" finished-at="2023-06-19T15:36:55 IST" duration-ms="12" status="PASS">
          <reporter-output>
          </reporter-output>
        </test-method> <!-- setUpTest -->
        <test-method is-config="true" signature="setUp()[pri:0, instance:com.example.LoginPageApplicationTests@2b52c0d6]" started-at="2023-06-19T15:36:55 IST" name="setUp" finished-at="2023-06-19T15:36:57 IST" duration-ms="1719" status="PASS">
          <reporter-output>
          </reporter-output>
        </test-method> <!-- setUp -->
        <test-method signature="loginTest()[pri:0, instance:com.example.LoginPageApplicationTests@2b52c0d6]" started-at="2023-06-19T15:36:57 IST" name="loginTest" finished-at="2023-06-19T15:36:57 IST" duration-ms="75" status="PASS">
          <reporter-output>
          </reporter-output>
        </test-method> <!-- loginTest -->
      </class> <!-- com.example.LoginPageApplicationTests -->
    </test> <!-- Default test -->
  </suite> <!-- Default suite -->
</testng-results>
